{"msg":"我是info日志"}{"msg":"我是info日志"}{"msg":"我是info日志"}{"msg":"我是info日志"}{"msg":"我是info日志"}{"msg":"我是info日志"}{"msg":"我是info日志"}[33m [msgo] [0m [34m2022/08/23 - 13:28:07[0m | level= [32m INFO [0m 
 msg "我是info日志" [0m   
[33m [msgo] [0m [34m2022/08/23 - 13:30:05[0m | level= [32m INFO [0m 
 msg "我是info日志" [0m   
[33m [msgo] [0m [34m2022/08/23 - 13:30:47[0m | level= [32m INFO [0m 
 msg "我是info日志" [0m   
[33m [msgo] [0m [34m2022/08/23 - 13:31:18[0m | level= [32m INFO [0m 
 msg "我是info日志" [0m   
[33m [msgo] [0m [34m2022/08/23 - 13:31:30[0m | level= [32m INFO [0m 
 msg "我是info日志" [0m   
[33m [msgo] [0m [34m2022/08/23 - 13:31:56[0m | level= [32m INFO [0m 
 msg "我是info日志" [0m   
[33m [msgo] [0m [34m2022/08/23 - 13:41:13[0m | level= [32m INFO [0m 
 msg "我是info日志" [0m   
[33m [msgo] [0m [34m2022/08/23 - 13:41:58[0m | level= [32m INFO [0m 
 msg "我是info日志" [0m   
[33m [msgo] [0m [34m2022/08/23 - 13:42:07[0m | level= [32m INFO [0m 
 msg "我是info日志" [0m   
[msgo] 2022/08/23 - 14:36:42 | level=INFO
 msg"我是info日志"   

[msgo] 2022/08/23 - 14:37:13 | level=INFO
 msg"我是info日志"   

[msgo] 2022/08/23 - 14:37:38 | level=INFO
 msg"我是info日志"   

[msgo] 2022/08/23 - 14:37:47 | level=INFO
 msg"我是info日志"   

[msgo] 2022/08/23 - 14:54:41 | level=INFO
 msg"我是info日志"   

